0 info it worked if it ends with ok
1 verbose cli [ '/Users/clintonhalpin/.nvm/versions/node/v0.12.7/bin/node',
1 verbose cli   '/Users/clintonhalpin/.nvm/versions/node/v0.12.7/bin/npm',
1 verbose cli   'run',
1 verbose cli   'test' ]
2 info using npm@2.11.3
3 info using node@v0.12.7
4 verbose run-script [ 'pretest', 'test', 'posttest' ]
5 info pretest jwt-auth@0.1.0
6 info test jwt-auth@0.1.0
7 verbose unsafe-perm in lifecycle true
8 info jwt-auth@0.1.0 Failed to exec test script
9 verbose stack Error: jwt-auth@0.1.0 test: `PORT=9001 mocha test --reporter spec`
9 verbose stack Exit status 1
9 verbose stack     at EventEmitter.<anonymous> (/Users/clintonhalpin/.nvm/versions/node/v0.12.7/lib/node_modules/npm/lib/utils/lifecycle.js:213:16)
9 verbose stack     at EventEmitter.emit (events.js:110:17)
9 verbose stack     at ChildProcess.<anonymous> (/Users/clintonhalpin/.nvm/versions/node/v0.12.7/lib/node_modules/npm/lib/utils/spawn.js:24:14)
9 verbose stack     at ChildProcess.emit (events.js:110:17)
9 verbose stack     at maybeClose (child_process.js:1015:16)
9 verbose stack     at Process.ChildProcess._handle.onexit (child_process.js:1087:5)
10 verbose pkgid jwt-auth@0.1.0
11 verbose cwd /Users/clintonhalpin/Sites/opensource/jwt-auth
12 error Darwin 14.3.0
13 error argv "/Users/clintonhalpin/.nvm/versions/node/v0.12.7/bin/node" "/Users/clintonhalpin/.nvm/versions/node/v0.12.7/bin/npm" "run" "test"
14 error node v0.12.7
15 error npm  v2.11.3
16 error code ELIFECYCLE
17 error jwt-auth@0.1.0 test: `PORT=9001 mocha test --reporter spec`
17 error Exit status 1
18 error Failed at the jwt-auth@0.1.0 test script 'PORT=9001 mocha test --reporter spec'.
18 error This is most likely a problem with the jwt-auth package,
18 error not with npm itself.
18 error Tell the author that this fails on your system:
18 error     PORT=9001 mocha test --reporter spec
18 error You can get their info via:
18 error     npm owner ls jwt-auth
18 error There is likely additional logging output above.
19 verbose exit [ 1, true ]
